<?xml version="1.0" encoding="UTF-8"?>
<testsuite xmlns:xsi="http://www.w3.org/2001/XMLSchema-instance" xsi:noNamespaceSchemaLocation="https://maven.apache.org/surefire/maven-surefire-plugin/xsd/surefire-test-report.xsd" version="3.0.2" name="elastic.elasticSearch.ElasticSearchApplicationTests" time="9.126" tests="1" errors="0" skipped="0" failures="0">
  <properties>
[...]
</properties>
  <testcase name="contextLoads" classname="elastic.elasticSearch.ElasticSearchApplicationTests" time="0.772">
    <system-out><![CDATA[21:15:41.260 [main] INFO org.springframework.test.context.support.AnnotationConfigContextLoaderUtils -- Could not detect default configuration classes for test class [elastic.elasticSearch.ElasticSearchApplicationTests]: ElasticSearchApplicationTests does not declare any static, non-private, non-final, nested classes annotated with @Configuration.
21:15:41.450 [main] INFO org.springframework.boot.test.context.SpringBootTestContextBootstrapper -- Found @SpringBootConfiguration elastic.elasticSearch.ElasticSearchApplication for test class elastic.elasticSearch.ElasticSearchApplicationTests
21:15:41.690 [main] INFO org.springframework.boot.devtools.restart.RestartApplicationListener -- Restart disabled due to context in which it is running

  .   ____          _            __ _ _
 /\\ / ___'_ __ _ _(_)_ __  __ _ \ \ \ \
( ( )\___ | '_ | '_| | '_ \/ _` | \ \ \ \
 \\/  ___)| |_)| | | | | || (_| |  ) ) ) )
  '  |____| .__|_| |_|_| |_\__, | / / / /
 =========|_|==============|___/=/_/_/_/

 :: Spring Boot ::                (v3.4.4)

2025-05-07T21:15:42.230+05:30  INFO 8856 --- [elasticSearch] [           main] e.e.ElasticSearchApplicationTests        : Starting ElasticSearchApplicationTests using Java 23.0.2 with PID 8856 (started by INOVA in C:\Users\INOVA\Desktop\Inova\Eclipse-Projects\elasticSearch)
2025-05-07T21:15:42.234+05:30  INFO 8856 --- [elasticSearch] [           main] e.e.ElasticSearchApplicationTests        : No active profile set, falling back to 1 default profile: "default"
2025-05-07T21:15:43.544+05:30  INFO 8856 --- [elasticSearch] [           main] .s.d.r.c.RepositoryConfigurationDelegate : Multiple Spring Data modules found, entering strict repository configuration mode
2025-05-07T21:15:43.547+05:30  INFO 8856 --- [elasticSearch] [           main] .s.d.r.c.RepositoryConfigurationDelegate : Bootstrapping Spring Data Elasticsearch repositories in DEFAULT mode.
2025-05-07T21:15:43.614+05:30  INFO 8856 --- [elasticSearch] [           main] .RepositoryConfigurationExtensionSupport : Spring Data Elasticsearch - Could not safely identify store assignment for repository candidate interface elastic.elasticSearch.repository.ElasticRepoCrud; If you want this repository to be a Elasticsearch repository, consider annotating your entities with one of these annotations: org.springframework.data.elasticsearch.annotations.Document (preferred), or consider extending one of the following types with your repository: org.springframework.data.elasticsearch.repository.ElasticsearchRepository
2025-05-07T21:15:43.616+05:30  INFO 8856 --- [elasticSearch] [           main] .s.d.r.c.RepositoryConfigurationDelegate : Finished Spring Data repository scanning in 54 ms. Found 0 Elasticsearch repository interfaces.
2025-05-07T21:15:43.665+05:30  INFO 8856 --- [elasticSearch] [           main] .s.d.r.c.RepositoryConfigurationDelegate : Multiple Spring Data modules found, entering strict repository configuration mode
2025-05-07T21:15:43.666+05:30  INFO 8856 --- [elasticSearch] [           main] .s.d.r.c.RepositoryConfigurationDelegate : Bootstrapping Spring Data JDBC repositories in DEFAULT mode.
2025-05-07T21:15:43.674+05:30  INFO 8856 --- [elasticSearch] [           main] .RepositoryConfigurationExtensionSupport : Spring Data JDBC - Could not safely identify store assignment for repository candidate interface elastic.elasticSearch.repository.ElasticRepoCrud; If you want this repository to be a JDBC repository, consider annotating your entities with one of these annotations: org.springframework.data.relational.core.mapping.Table.
2025-05-07T21:15:43.674+05:30  INFO 8856 --- [elasticSearch] [           main] .s.d.r.c.RepositoryConfigurationDelegate : Finished Spring Data repository scanning in 5 ms. Found 0 JDBC repository interfaces.
2025-05-07T21:15:43.702+05:30  INFO 8856 --- [elasticSearch] [           main] .s.d.r.c.RepositoryConfigurationDelegate : Multiple Spring Data modules found, entering strict repository configuration mode
2025-05-07T21:15:43.703+05:30  INFO 8856 --- [elasticSearch] [           main] .s.d.r.c.RepositoryConfigurationDelegate : Bootstrapping Spring Data JPA repositories in DEFAULT mode.
2025-05-07T21:15:43.765+05:30  INFO 8856 --- [elasticSearch] [           main] .s.d.r.c.RepositoryConfigurationDelegate : Finished Spring Data repository scanning in 46 ms. Found 1 JPA repository interface.
2025-05-07T21:15:44.613+05:30  INFO 8856 --- [elasticSearch] [           main] o.hibernate.jpa.internal.util.LogHelper  : HHH000204: Processing PersistenceUnitInfo [name: default]
2025-05-07T21:15:44.719+05:30  INFO 8856 --- [elasticSearch] [           main] org.hibernate.Version                    : HHH000412: Hibernate ORM core version 6.6.11.Final
2025-05-07T21:15:44.786+05:30  INFO 8856 --- [elasticSearch] [           main] o.h.c.internal.RegionFactoryInitiator    : HHH000026: Second-level cache disabled
2025-05-07T21:15:45.347+05:30  INFO 8856 --- [elasticSearch] [           main] o.s.o.j.p.SpringPersistenceUnitInfo      : No LoadTimeWeaver setup: ignoring JPA class transformer
2025-05-07T21:15:45.398+05:30  INFO 8856 --- [elasticSearch] [           main] com.zaxxer.hikari.HikariDataSource       : HikariPool-1 - Starting...
2025-05-07T21:15:46.014+05:30  INFO 8856 --- [elasticSearch] [           main] com.zaxxer.hikari.pool.HikariPool        : HikariPool-1 - Added connection com.mysql.cj.jdbc.ConnectionImpl@2beee3e8
2025-05-07T21:15:46.017+05:30  INFO 8856 --- [elasticSearch] [           main] com.zaxxer.hikari.HikariDataSource       : HikariPool-1 - Start completed.
2025-05-07T21:15:46.158+05:30  INFO 8856 --- [elasticSearch] [           main] org.hibernate.orm.connections.pooling    : HHH10001005: Database info:
	Database JDBC URL [Connecting through datasource 'HikariDataSource (HikariPool-1)']
	Database driver: undefined/unknown
	Database version: 8.0.41
	Autocommit mode: undefined/unknown
	Isolation level: undefined/unknown
	Minimum pool size: undefined/unknown
	Maximum pool size: undefined/unknown
2025-05-07T21:15:47.236+05:30  INFO 8856 --- [elasticSearch] [           main] o.h.e.t.j.p.i.JtaPlatformInitiator       : HHH000489: No JTA platform available (set 'hibernate.transaction.jta.platform' to enable JTA platform integration)
2025-05-07T21:15:47.292+05:30  INFO 8856 --- [elasticSearch] [           main] j.LocalContainerEntityManagerFactoryBean : Initialized JPA EntityManagerFactory for persistence unit 'default'
2025-05-07T21:15:48.587+05:30  WARN 8856 --- [elasticSearch] [           main] JpaBaseConfiguration$JpaWebConfiguration : spring.jpa.open-in-view is enabled by default. Therefore, database queries may be performed during view rendering. Explicitly configure spring.jpa.open-in-view to disable this warning
2025-05-07T21:15:49.357+05:30  INFO 8856 --- [elasticSearch] [           main] e.e.ElasticSearchApplicationTests        : Started ElasticSearchApplicationTests in 7.686 seconds (process running for 9.268)
]]></system-out>
    <system-err><![CDATA[Mockito is currently self-attaching to enable the inline-mock-maker. This will no longer work in future releases of the JDK. Please add Mockito as an agent to your build what is described in Mockito's documentation: https://javadoc.io/doc/org.mockito/mockito-core/latest/org/mockito/Mockito.html#0.3
WARNING: A Java agent has been loaded dynamically (C:\Users\INOVA\.m2\repository\net\bytebuddy\byte-buddy-agent\1.15.11\byte-buddy-agent-1.15.11.jar)
WARNING: If a serviceability tool is in use, please run with -XX:+EnableDynamicAgentLoading to hide this warning
WARNING: If a serviceability tool is not in use, please run with -Djdk.instrument.traceUsage for more information
WARNING: Dynamic loading of agents will be disallowed by default in a future release
]]></system-err>
  </testcase>
</testsuite>